[1.733s] DEBUG:colcon:Command line arguments: ['/usr/bin/colcon', 'build']
[1.734s] DEBUG:colcon:Parsed command line arguments: Namespace(log_base=None, log_level=None, verb_name='build', build_base='build', install_base='install', merge_install=False, symlink_install=False, test_result_base=None, continue_on_error=False, executor='parallel', parallel_workers=8, event_handlers=None, ignore_user_meta=False, metas=['./colcon.meta'], base_paths=['.'], packages_ignore=None, packages_ignore_regex=None, paths=None, packages_up_to=None, packages_up_to_regex=None, packages_above=None, packages_above_and_dependencies=None, packages_above_depth=None, packages_select_by_dep=None, packages_skip_by_dep=None, packages_skip_up_to=None, packages_select_build_failed=False, packages_skip_build_finished=False, packages_select_test_failures=False, packages_skip_test_passed=False, packages_select=None, packages_skip=None, packages_select_regex=None, packages_skip_regex=None, packages_start=None, packages_end=None, allow_overriding=[], bazel_args=None, bazel_task=None, cmake_args=None, cmake_target=None, cmake_target_skip_unavailable=False, cmake_clean_cache=False, cmake_clean_first=False, cmake_force_configure=False, meson_args=[], ament_cmake_args=None, catkin_cmake_args=None, catkin_skip_building_tests=False, mixin_files=None, mixin=None, verb_parser=<colcon_alias.argument_parser.alias.AliasArgumentDecorator object at 0x757b4142d690>, verb_extension=<colcon_core.verb.build.BuildVerb object at 0x757b417d84c0>, main=<bound method BuildVerb.main of <colcon_core.verb.build.BuildVerb object at 0x757b417d84c0>>, mixin_verb=('build',))
[2.723s] Level 1:colcon.colcon_core.package_discovery:discover_packages(colcon_meta) check parameters
[2.725s] Level 1:colcon.colcon_core.package_discovery:discover_packages(recursive) check parameters
[2.725s] Level 1:colcon.colcon_core.package_discovery:discover_packages(ignore) check parameters
[2.725s] Level 1:colcon.colcon_core.package_discovery:discover_packages(path) check parameters
[2.725s] Level 1:colcon.colcon_core.package_discovery:discover_packages(colcon_meta) discover
[2.725s] Level 1:colcon.colcon_core.package_discovery:discover_packages(recursive) discover
[2.726s] INFO:colcon.colcon_core.package_discovery:Crawling recursively for packages in '/home/raj/ROS2/gps_frontier_exploration/explore_exploration'
[2.727s] Level 1:colcon.colcon_core.package_identification:_identify(.) by extensions ['ignore', 'ignore_ament_install']
[2.727s] Level 1:colcon.colcon_core.package_identification:_identify(.) by extension 'ignore'
[2.727s] Level 1:colcon.colcon_core.package_identification:_identify(.) by extension 'ignore_ament_install'
[2.728s] Level 1:colcon.colcon_core.package_identification:_identify(.) by extensions ['colcon_pkg']
[2.728s] Level 1:colcon.colcon_core.package_identification:_identify(.) by extension 'colcon_pkg'
[2.728s] Level 1:colcon.colcon_core.package_identification:_identify(.) by extensions ['colcon_meta']
[2.728s] Level 1:colcon.colcon_core.package_identification:_identify(.) by extension 'colcon_meta'
[2.728s] Level 1:colcon.colcon_core.package_identification:_identify(.) by extensions ['ros']
[2.728s] Level 1:colcon.colcon_core.package_identification:_identify(.) by extension 'ros'
[2.758s] DEBUG:colcon.colcon_core.package_identification:Package '.' with type 'ros.ament_python' and name 'gps_frontier_explorer'
[2.759s] Level 1:colcon.colcon_core.package_discovery:discover_packages(recursive) using defaults
[2.759s] Level 1:colcon.colcon_core.package_discovery:discover_packages(ignore) discover
[2.759s] Level 1:colcon.colcon_core.package_discovery:discover_packages(ignore) using defaults
[2.759s] Level 1:colcon.colcon_core.package_discovery:discover_packages(path) discover
[2.759s] Level 1:colcon.colcon_core.package_discovery:discover_packages(path) using defaults
[2.857s] Level 1:colcon.colcon_core.package_discovery:discover_packages(prefix_path) check parameters
[2.857s] Level 1:colcon.colcon_core.package_discovery:discover_packages(prefix_path) discover
[2.876s] DEBUG:colcon.colcon_installed_package_information.package_discovery:Found 1 installed packages in /home/raj/ROS2/gps_frontier_exploration/explore_exploration/install
[2.881s] DEBUG:colcon.colcon_installed_package_information.package_discovery:Found 514 installed packages in /opt/ros/humble
[2.887s] Level 1:colcon.colcon_core.package_discovery:discover_packages(prefix_path) using defaults
[3.175s] Level 5:colcon.colcon_core.verb:set package 'gps_frontier_explorer' build argument 'bazel_args' from command line to 'None'
[3.175s] Level 5:colcon.colcon_core.verb:set package 'gps_frontier_explorer' build argument 'bazel_task' from command line to 'None'
[3.175s] Level 5:colcon.colcon_core.verb:set package 'gps_frontier_explorer' build argument 'cmake_args' from command line to 'None'
[3.175s] Level 5:colcon.colcon_core.verb:set package 'gps_frontier_explorer' build argument 'cmake_target' from command line to 'None'
[3.175s] Level 5:colcon.colcon_core.verb:set package 'gps_frontier_explorer' build argument 'cmake_target_skip_unavailable' from command line to 'False'
[3.175s] Level 5:colcon.colcon_core.verb:set package 'gps_frontier_explorer' build argument 'cmake_clean_cache' from command line to 'False'
[3.175s] Level 5:colcon.colcon_core.verb:set package 'gps_frontier_explorer' build argument 'cmake_clean_first' from command line to 'False'
[3.176s] Level 5:colcon.colcon_core.verb:set package 'gps_frontier_explorer' build argument 'cmake_force_configure' from command line to 'False'
[3.176s] Level 5:colcon.colcon_core.verb:set package 'gps_frontier_explorer' build argument 'meson_args' from command line to '[]'
[3.176s] Level 5:colcon.colcon_core.verb:set package 'gps_frontier_explorer' build argument 'ament_cmake_args' from command line to 'None'
[3.176s] Level 5:colcon.colcon_core.verb:set package 'gps_frontier_explorer' build argument 'catkin_cmake_args' from command line to 'None'
[3.176s] Level 5:colcon.colcon_core.verb:set package 'gps_frontier_explorer' build argument 'catkin_skip_building_tests' from command line to 'False'
[3.176s] DEBUG:colcon.colcon_core.verb:Building package 'gps_frontier_explorer' with the following arguments: {'ament_cmake_args': None, 'bazel_args': None, 'bazel_task': None, 'build_base': '/home/raj/ROS2/gps_frontier_exploration/explore_exploration/build/gps_frontier_explorer', 'catkin_cmake_args': None, 'catkin_skip_building_tests': False, 'cmake_args': None, 'cmake_clean_cache': False, 'cmake_clean_first': False, 'cmake_force_configure': False, 'cmake_target': None, 'cmake_target_skip_unavailable': False, 'install_base': '/home/raj/ROS2/gps_frontier_exploration/explore_exploration/install/gps_frontier_explorer', 'merge_install': False, 'meson_args': [], 'path': '/home/raj/ROS2/gps_frontier_exploration/explore_exploration', 'symlink_install': False, 'test_result_base': None}
[3.177s] INFO:colcon.colcon_core.executor:Executing jobs using 'parallel' executor
[3.182s] DEBUG:colcon.colcon_parallel_executor.executor.parallel:run_until_complete
[3.185s] INFO:colcon.colcon_ros.task.ament_python.build:Building ROS package in '/home/raj/ROS2/gps_frontier_exploration/explore_exploration' with build type 'ament_python'
[3.186s] Level 1:colcon.colcon_core.shell:create_environment_hook('gps_frontier_explorer', 'ament_prefix_path')
[3.213s] INFO:colcon.colcon_core.plugin_system:Skipping extension 'colcon_core.shell.bat': Not used on non-Windows systems
[3.215s] INFO:colcon.colcon_core.shell:Creating environment hook '/home/raj/ROS2/gps_frontier_exploration/explore_exploration/install/gps_frontier_explorer/share/gps_frontier_explorer/hook/ament_prefix_path.ps1'
[3.219s] INFO:colcon.colcon_core.shell:Creating environment descriptor '/home/raj/ROS2/gps_frontier_exploration/explore_exploration/install/gps_frontier_explorer/share/gps_frontier_explorer/hook/ament_prefix_path.dsv'
[3.226s] INFO:colcon.colcon_core.shell:Creating environment hook '/home/raj/ROS2/gps_frontier_exploration/explore_exploration/install/gps_frontier_explorer/share/gps_frontier_explorer/hook/ament_prefix_path.sh'
[3.232s] DEBUG:colcon.colcon_ros_domain_id_coordinator.shell.ros_domain_id:Allocated ROS_DOMAIN_ID=4 for '/home/raj/ROS2/gps_frontier_exploration/explore_exploration/build/gps_frontier_explorer'
[3.233s] INFO:colcon.colcon_core.shell:Skip shell extension 'ros_domain_id' for command environment: 
[3.233s] INFO:colcon.colcon_core.shell:Skip shell extension 'powershell' for command environment: Not usable outside of PowerShell
[3.233s] DEBUG:colcon.colcon_core.shell:Skip shell extension 'dsv' for command environment
[4.242s] INFO:colcon.colcon_core.task.python.build:Building Python package in '/home/raj/ROS2/gps_frontier_exploration/explore_exploration'
[4.245s] DEBUG:colcon.colcon_ros_domain_id_coordinator.shell.ros_domain_id:Allocated ROS_DOMAIN_ID=4 for '/home/raj/ROS2/gps_frontier_exploration/explore_exploration/build/gps_frontier_explorer'
[4.247s] INFO:colcon.colcon_core.shell:Skip shell extension 'ros_domain_id' for command environment: 
[4.247s] INFO:colcon.colcon_core.shell:Skip shell extension 'powershell' for command environment: Not usable outside of PowerShell
[4.248s] DEBUG:colcon.colcon_core.shell:Skip shell extension 'dsv' for command environment
[5.939s] DEBUG:colcon.colcon_core.event_handler.log_command:Invoking command in '/home/raj/ROS2/gps_frontier_exploration/explore_exploration': PYTHONPATH=/home/raj/ROS2/gps_frontier_exploration/explore_exploration/build/gps_frontier_explorer/prefix_override:/usr/lib/python3/dist-packages/colcon_core/task/python/colcon_distutils_commands:/home/raj/ROS2/gps_frontier_exploration/explore_exploration/install/gps_frontier_explorer/lib/python3.10/site-packages:${PYTHONPATH} /usr/bin/python3 -W ignore:setup.py install is deprecated -W ignore:easy_install command is deprecated setup.py egg_info --egg-base build/gps_frontier_explorer build --build-base /home/raj/ROS2/gps_frontier_exploration/explore_exploration/build/gps_frontier_explorer/build install --record /home/raj/ROS2/gps_frontier_exploration/explore_exploration/build/gps_frontier_explorer/install.log --single-version-externally-managed install_data
[7.101s] DEBUG:colcon.colcon_core.event_handler.log_command:Invoked command in '/home/raj/ROS2/gps_frontier_exploration/explore_exploration' returned '0': PYTHONPATH=/home/raj/ROS2/gps_frontier_exploration/explore_exploration/build/gps_frontier_explorer/prefix_override:/usr/lib/python3/dist-packages/colcon_core/task/python/colcon_distutils_commands:/home/raj/ROS2/gps_frontier_exploration/explore_exploration/install/gps_frontier_explorer/lib/python3.10/site-packages:${PYTHONPATH} /usr/bin/python3 -W ignore:setup.py install is deprecated -W ignore:easy_install command is deprecated setup.py egg_info --egg-base build/gps_frontier_explorer build --build-base /home/raj/ROS2/gps_frontier_exploration/explore_exploration/build/gps_frontier_explorer/build install --record /home/raj/ROS2/gps_frontier_exploration/explore_exploration/build/gps_frontier_explorer/install.log --single-version-externally-managed install_data
[7.131s] Level 1:colcon.colcon_core.environment:checking '/home/raj/ROS2/gps_frontier_exploration/explore_exploration/install/gps_frontier_explorer' for CMake module files
[7.132s] Level 1:colcon.colcon_core.environment:checking '/home/raj/ROS2/gps_frontier_exploration/explore_exploration/install/gps_frontier_explorer' for CMake config files
[7.133s] Level 1:colcon.colcon_core.environment:checking '/home/raj/ROS2/gps_frontier_exploration/explore_exploration/install/gps_frontier_explorer/lib'
[7.134s] Level 1:colcon.colcon_core.environment:checking '/home/raj/ROS2/gps_frontier_exploration/explore_exploration/install/gps_frontier_explorer/bin'
[7.135s] Level 1:colcon.colcon_core.environment:checking '/home/raj/ROS2/gps_frontier_exploration/explore_exploration/install/gps_frontier_explorer/lib/pkgconfig/gps_frontier_explorer.pc'
[7.136s] Level 1:colcon.colcon_core.environment:checking '/home/raj/ROS2/gps_frontier_exploration/explore_exploration/install/gps_frontier_explorer/lib/python3.10/site-packages'
[7.136s] Level 1:colcon.colcon_core.shell:create_environment_hook('gps_frontier_explorer', 'pythonpath')
[7.137s] INFO:colcon.colcon_core.shell:Creating environment hook '/home/raj/ROS2/gps_frontier_exploration/explore_exploration/install/gps_frontier_explorer/share/gps_frontier_explorer/hook/pythonpath.ps1'
[7.142s] INFO:colcon.colcon_core.shell:Creating environment descriptor '/home/raj/ROS2/gps_frontier_exploration/explore_exploration/install/gps_frontier_explorer/share/gps_frontier_explorer/hook/pythonpath.dsv'
[7.145s] INFO:colcon.colcon_core.shell:Creating environment hook '/home/raj/ROS2/gps_frontier_exploration/explore_exploration/install/gps_frontier_explorer/share/gps_frontier_explorer/hook/pythonpath.sh'
[7.150s] Level 1:colcon.colcon_core.environment:checking '/home/raj/ROS2/gps_frontier_exploration/explore_exploration/install/gps_frontier_explorer/bin'
[7.150s] Level 1:colcon.colcon_core.environment:create_environment_scripts_only(gps_frontier_explorer)
[7.151s] INFO:colcon.colcon_core.shell:Creating package script '/home/raj/ROS2/gps_frontier_exploration/explore_exploration/install/gps_frontier_explorer/share/gps_frontier_explorer/package.ps1'
[7.156s] INFO:colcon.colcon_core.shell:Creating package descriptor '/home/raj/ROS2/gps_frontier_exploration/explore_exploration/install/gps_frontier_explorer/share/gps_frontier_explorer/package.dsv'
[7.160s] INFO:colcon.colcon_core.shell:Creating package script '/home/raj/ROS2/gps_frontier_exploration/explore_exploration/install/gps_frontier_explorer/share/gps_frontier_explorer/package.sh'
[7.168s] INFO:colcon.colcon_core.shell:Creating package script '/home/raj/ROS2/gps_frontier_exploration/explore_exploration/install/gps_frontier_explorer/share/gps_frontier_explorer/package.bash'
[7.172s] INFO:colcon.colcon_core.shell:Creating package script '/home/raj/ROS2/gps_frontier_exploration/explore_exploration/install/gps_frontier_explorer/share/gps_frontier_explorer/package.zsh'
[7.174s] Level 1:colcon.colcon_core.environment:create_file_with_runtime_dependencies(/home/raj/ROS2/gps_frontier_exploration/explore_exploration/install/gps_frontier_explorer/share/colcon-core/packages/gps_frontier_explorer)
[7.175s] DEBUG:colcon.colcon_parallel_executor.executor.parallel:closing loop
[7.176s] DEBUG:colcon.colcon_ros_domain_id_coordinator.shell.ros_domain_id:Released ROS_DOMAIN_ID=4 for '/home/raj/ROS2/gps_frontier_exploration/explore_exploration/build/gps_frontier_explorer'
[7.176s] DEBUG:colcon.colcon_parallel_executor.executor.parallel:loop closed
[7.176s] DEBUG:colcon.colcon_parallel_executor.executor.parallel:run_until_complete finished with '0'
[7.176s] DEBUG:colcon.colcon_core.event_reactor:joining thread
[7.217s] INFO:colcon.colcon_core.plugin_system:Skipping extension 'colcon_notification.desktop_notification.terminal_notifier': Not used on non-Darwin systems
[7.221s] INFO:colcon.colcon_core.plugin_system:Skipping extension 'colcon_notification.desktop_notification.win32': Not used on non-Windows systems
[7.221s] INFO:colcon.colcon_notification.desktop_notification:Sending desktop notification using 'notify2'
[7.304s] DEBUG:colcon.colcon_core.event_reactor:joined thread
[7.306s] INFO:colcon.colcon_core.shell:Creating prefix script '/home/raj/ROS2/gps_frontier_exploration/explore_exploration/install/local_setup.ps1'
[7.312s] INFO:colcon.colcon_core.shell:Creating prefix util module '/home/raj/ROS2/gps_frontier_exploration/explore_exploration/install/_local_setup_util_ps1.py'
[7.319s] INFO:colcon.colcon_core.shell:Creating prefix chain script '/home/raj/ROS2/gps_frontier_exploration/explore_exploration/install/setup.ps1'
[7.327s] INFO:colcon.colcon_core.shell:Creating prefix script '/home/raj/ROS2/gps_frontier_exploration/explore_exploration/install/local_setup.sh'
[7.332s] INFO:colcon.colcon_core.shell:Creating prefix util module '/home/raj/ROS2/gps_frontier_exploration/explore_exploration/install/_local_setup_util_sh.py'
[7.341s] INFO:colcon.colcon_core.shell:Creating prefix chain script '/home/raj/ROS2/gps_frontier_exploration/explore_exploration/install/setup.sh'
[7.350s] INFO:colcon.colcon_core.shell:Creating prefix script '/home/raj/ROS2/gps_frontier_exploration/explore_exploration/install/local_setup.bash'
[7.356s] INFO:colcon.colcon_core.shell:Creating prefix chain script '/home/raj/ROS2/gps_frontier_exploration/explore_exploration/install/setup.bash'
[7.367s] INFO:colcon.colcon_core.shell:Creating prefix script '/home/raj/ROS2/gps_frontier_exploration/explore_exploration/install/local_setup.zsh'
[7.370s] INFO:colcon.colcon_core.shell:Creating prefix chain script '/home/raj/ROS2/gps_frontier_exploration/explore_exploration/install/setup.zsh'
[7.381s] INFO:colcon.colcon_core.shell:Creating '/home/raj/ROS2/gps_frontier_exploration/explore_exploration/install/spawn_shell.bash'
