[0.497s] DEBUG:colcon:Command line arguments: ['/usr/bin/colcon', 'build']
[0.498s] DEBUG:colcon:Parsed command line arguments: Namespace(log_base=None, log_level=None, verb_name='build', build_base='build', install_base='install', merge_install=False, symlink_install=False, test_result_base=None, continue_on_error=False, executor='parallel', parallel_workers=8, event_handlers=None, ignore_user_meta=False, metas=['./colcon.meta'], base_paths=['.'], packages_ignore=None, packages_ignore_regex=None, paths=None, packages_up_to=None, packages_up_to_regex=None, packages_above=None, packages_above_and_dependencies=None, packages_above_depth=None, packages_select_by_dep=None, packages_skip_by_dep=None, packages_skip_up_to=None, packages_select_build_failed=False, packages_skip_build_finished=False, packages_select_test_failures=False, packages_skip_test_passed=False, packages_select=None, packages_skip=None, packages_select_regex=None, packages_skip_regex=None, packages_start=None, packages_end=None, allow_overriding=[], bazel_args=None, bazel_task=None, cmake_args=None, cmake_target=None, cmake_target_skip_unavailable=False, cmake_clean_cache=False, cmake_clean_first=False, cmake_force_configure=False, meson_args=[], ament_cmake_args=None, catkin_cmake_args=None, catkin_skip_building_tests=False, mixin_files=None, mixin=None, verb_parser=<colcon_alias.argument_parser.alias.AliasArgumentDecorator object at 0x7693010e5390>, verb_extension=<colcon_core.verb.build.BuildVerb object at 0x7693014dc1c0>, main=<bound method BuildVerb.main of <colcon_core.verb.build.BuildVerb object at 0x7693014dc1c0>>, mixin_verb=('build',))
[0.675s] Level 1:colcon.colcon_core.package_discovery:discover_packages(colcon_meta) check parameters
[0.675s] Level 1:colcon.colcon_core.package_discovery:discover_packages(recursive) check parameters
[0.675s] Level 1:colcon.colcon_core.package_discovery:discover_packages(ignore) check parameters
[0.675s] Level 1:colcon.colcon_core.package_discovery:discover_packages(path) check parameters
[0.675s] Level 1:colcon.colcon_core.package_discovery:discover_packages(colcon_meta) discover
[0.675s] Level 1:colcon.colcon_core.package_discovery:discover_packages(recursive) discover
[0.675s] INFO:colcon.colcon_core.package_discovery:Crawling recursively for packages in '/home/raj/ROS2/gps_frontier_exploration/explore_exploration'
[0.675s] Level 1:colcon.colcon_core.package_identification:_identify(.) by extensions ['ignore', 'ignore_ament_install']
[0.675s] Level 1:colcon.colcon_core.package_identification:_identify(.) by extension 'ignore'
[0.675s] Level 1:colcon.colcon_core.package_identification:_identify(.) by extension 'ignore_ament_install'
[0.675s] Level 1:colcon.colcon_core.package_identification:_identify(.) by extensions ['colcon_pkg']
[0.675s] Level 1:colcon.colcon_core.package_identification:_identify(.) by extension 'colcon_pkg'
[0.675s] Level 1:colcon.colcon_core.package_identification:_identify(.) by extensions ['colcon_meta']
[0.676s] Level 1:colcon.colcon_core.package_identification:_identify(.) by extension 'colcon_meta'
[0.676s] Level 1:colcon.colcon_core.package_identification:_identify(.) by extensions ['ros']
[0.676s] Level 1:colcon.colcon_core.package_identification:_identify(.) by extension 'ros'
[0.681s] DEBUG:colcon.colcon_core.package_identification:Package '.' with type 'ros.ament_python' and name 'gps_frontier_explorer'
[0.681s] Level 1:colcon.colcon_core.package_discovery:discover_packages(recursive) using defaults
[0.681s] Level 1:colcon.colcon_core.package_discovery:discover_packages(ignore) discover
[0.681s] Level 1:colcon.colcon_core.package_discovery:discover_packages(ignore) using defaults
[0.681s] Level 1:colcon.colcon_core.package_discovery:discover_packages(path) discover
[0.681s] Level 1:colcon.colcon_core.package_discovery:discover_packages(path) using defaults
[0.695s] Level 1:colcon.colcon_core.package_discovery:discover_packages(prefix_path) check parameters
[0.695s] Level 1:colcon.colcon_core.package_discovery:discover_packages(prefix_path) discover
[0.698s] DEBUG:colcon.colcon_installed_package_information.package_discovery:Found 514 installed packages in /opt/ros/humble
[0.700s] Level 1:colcon.colcon_core.package_discovery:discover_packages(prefix_path) using defaults
[0.742s] Level 5:colcon.colcon_core.verb:set package 'gps_frontier_explorer' build argument 'bazel_args' from command line to 'None'
[0.742s] Level 5:colcon.colcon_core.verb:set package 'gps_frontier_explorer' build argument 'bazel_task' from command line to 'None'
[0.742s] Level 5:colcon.colcon_core.verb:set package 'gps_frontier_explorer' build argument 'cmake_args' from command line to 'None'
[0.742s] Level 5:colcon.colcon_core.verb:set package 'gps_frontier_explorer' build argument 'cmake_target' from command line to 'None'
[0.742s] Level 5:colcon.colcon_core.verb:set package 'gps_frontier_explorer' build argument 'cmake_target_skip_unavailable' from command line to 'False'
[0.742s] Level 5:colcon.colcon_core.verb:set package 'gps_frontier_explorer' build argument 'cmake_clean_cache' from command line to 'False'
[0.742s] Level 5:colcon.colcon_core.verb:set package 'gps_frontier_explorer' build argument 'cmake_clean_first' from command line to 'False'
[0.742s] Level 5:colcon.colcon_core.verb:set package 'gps_frontier_explorer' build argument 'cmake_force_configure' from command line to 'False'
[0.742s] Level 5:colcon.colcon_core.verb:set package 'gps_frontier_explorer' build argument 'meson_args' from command line to '[]'
[0.742s] Level 5:colcon.colcon_core.verb:set package 'gps_frontier_explorer' build argument 'ament_cmake_args' from command line to 'None'
[0.742s] Level 5:colcon.colcon_core.verb:set package 'gps_frontier_explorer' build argument 'catkin_cmake_args' from command line to 'None'
[0.742s] Level 5:colcon.colcon_core.verb:set package 'gps_frontier_explorer' build argument 'catkin_skip_building_tests' from command line to 'False'
[0.743s] DEBUG:colcon.colcon_core.verb:Building package 'gps_frontier_explorer' with the following arguments: {'ament_cmake_args': None, 'bazel_args': None, 'bazel_task': None, 'build_base': '/home/raj/ROS2/gps_frontier_exploration/explore_exploration/build/gps_frontier_explorer', 'catkin_cmake_args': None, 'catkin_skip_building_tests': False, 'cmake_args': None, 'cmake_clean_cache': False, 'cmake_clean_first': False, 'cmake_force_configure': False, 'cmake_target': None, 'cmake_target_skip_unavailable': False, 'install_base': '/home/raj/ROS2/gps_frontier_exploration/explore_exploration/install/gps_frontier_explorer', 'merge_install': False, 'meson_args': [], 'path': '/home/raj/ROS2/gps_frontier_exploration/explore_exploration', 'symlink_install': False, 'test_result_base': None}
[0.743s] INFO:colcon.colcon_core.executor:Executing jobs using 'parallel' executor
[0.743s] DEBUG:colcon.colcon_parallel_executor.executor.parallel:run_until_complete
[0.744s] INFO:colcon.colcon_ros.task.ament_python.build:Building ROS package in '/home/raj/ROS2/gps_frontier_exploration/explore_exploration' with build type 'ament_python'
[0.744s] Level 1:colcon.colcon_core.shell:create_environment_hook('gps_frontier_explorer', 'ament_prefix_path')
[0.747s] INFO:colcon.colcon_core.plugin_system:Skipping extension 'colcon_core.shell.bat': Not used on non-Windows systems
[0.747s] INFO:colcon.colcon_core.shell:Creating environment hook '/home/raj/ROS2/gps_frontier_exploration/explore_exploration/install/gps_frontier_explorer/share/gps_frontier_explorer/hook/ament_prefix_path.ps1'
[0.748s] INFO:colcon.colcon_core.shell:Creating environment descriptor '/home/raj/ROS2/gps_frontier_exploration/explore_exploration/install/gps_frontier_explorer/share/gps_frontier_explorer/hook/ament_prefix_path.dsv'
[0.748s] INFO:colcon.colcon_core.shell:Creating environment hook '/home/raj/ROS2/gps_frontier_exploration/explore_exploration/install/gps_frontier_explorer/share/gps_frontier_explorer/hook/ament_prefix_path.sh'
[0.749s] DEBUG:colcon.colcon_ros_domain_id_coordinator.shell.ros_domain_id:Allocated ROS_DOMAIN_ID=29 for '/home/raj/ROS2/gps_frontier_exploration/explore_exploration/build/gps_frontier_explorer'
[0.749s] INFO:colcon.colcon_core.shell:Skip shell extension 'ros_domain_id' for command environment: 
[0.749s] INFO:colcon.colcon_core.shell:Skip shell extension 'powershell' for command environment: Not usable outside of PowerShell
[0.749s] DEBUG:colcon.colcon_core.shell:Skip shell extension 'dsv' for command environment
[0.931s] INFO:colcon.colcon_core.task.python.build:Building Python package in '/home/raj/ROS2/gps_frontier_exploration/explore_exploration'
[0.931s] DEBUG:colcon.colcon_ros_domain_id_coordinator.shell.ros_domain_id:Allocated ROS_DOMAIN_ID=29 for '/home/raj/ROS2/gps_frontier_exploration/explore_exploration/build/gps_frontier_explorer'
[0.931s] INFO:colcon.colcon_core.shell:Skip shell extension 'ros_domain_id' for command environment: 
[0.931s] INFO:colcon.colcon_core.shell:Skip shell extension 'powershell' for command environment: Not usable outside of PowerShell
[0.931s] DEBUG:colcon.colcon_core.shell:Skip shell extension 'dsv' for command environment
[1.208s] DEBUG:colcon.colcon_core.event_handler.log_command:Invoking command in '/home/raj/ROS2/gps_frontier_exploration/explore_exploration': PYTHONPATH=/home/raj/ROS2/gps_frontier_exploration/explore_exploration/build/gps_frontier_explorer/prefix_override:/usr/lib/python3/dist-packages/colcon_core/task/python/colcon_distutils_commands:/home/raj/ROS2/gps_frontier_exploration/explore_exploration/install/gps_frontier_explorer/lib/python3.10/site-packages:${PYTHONPATH} /usr/bin/python3 -W ignore:setup.py install is deprecated -W ignore:easy_install command is deprecated setup.py egg_info --egg-base build/gps_frontier_explorer build --build-base /home/raj/ROS2/gps_frontier_exploration/explore_exploration/build/gps_frontier_explorer/build install --record /home/raj/ROS2/gps_frontier_exploration/explore_exploration/build/gps_frontier_explorer/install.log --single-version-externally-managed install_data
[1.417s] DEBUG:colcon.colcon_core.event_handler.log_command:Invoked command in '/home/raj/ROS2/gps_frontier_exploration/explore_exploration' returned '0': PYTHONPATH=/home/raj/ROS2/gps_frontier_exploration/explore_exploration/build/gps_frontier_explorer/prefix_override:/usr/lib/python3/dist-packages/colcon_core/task/python/colcon_distutils_commands:/home/raj/ROS2/gps_frontier_exploration/explore_exploration/install/gps_frontier_explorer/lib/python3.10/site-packages:${PYTHONPATH} /usr/bin/python3 -W ignore:setup.py install is deprecated -W ignore:easy_install command is deprecated setup.py egg_info --egg-base build/gps_frontier_explorer build --build-base /home/raj/ROS2/gps_frontier_exploration/explore_exploration/build/gps_frontier_explorer/build install --record /home/raj/ROS2/gps_frontier_exploration/explore_exploration/build/gps_frontier_explorer/install.log --single-version-externally-managed install_data
[1.419s] Level 1:colcon.colcon_core.environment:checking '/home/raj/ROS2/gps_frontier_exploration/explore_exploration/install/gps_frontier_explorer' for CMake module files
[1.419s] Level 1:colcon.colcon_core.environment:checking '/home/raj/ROS2/gps_frontier_exploration/explore_exploration/install/gps_frontier_explorer' for CMake config files
[1.420s] Level 1:colcon.colcon_core.environment:checking '/home/raj/ROS2/gps_frontier_exploration/explore_exploration/install/gps_frontier_explorer/lib'
[1.420s] Level 1:colcon.colcon_core.environment:checking '/home/raj/ROS2/gps_frontier_exploration/explore_exploration/install/gps_frontier_explorer/bin'
[1.420s] Level 1:colcon.colcon_core.environment:checking '/home/raj/ROS2/gps_frontier_exploration/explore_exploration/install/gps_frontier_explorer/lib/pkgconfig/gps_frontier_explorer.pc'
[1.420s] Level 1:colcon.colcon_core.environment:checking '/home/raj/ROS2/gps_frontier_exploration/explore_exploration/install/gps_frontier_explorer/lib/python3.10/site-packages'
[1.420s] Level 1:colcon.colcon_core.shell:create_environment_hook('gps_frontier_explorer', 'pythonpath')
[1.420s] INFO:colcon.colcon_core.shell:Creating environment hook '/home/raj/ROS2/gps_frontier_exploration/explore_exploration/install/gps_frontier_explorer/share/gps_frontier_explorer/hook/pythonpath.ps1'
[1.421s] INFO:colcon.colcon_core.shell:Creating environment descriptor '/home/raj/ROS2/gps_frontier_exploration/explore_exploration/install/gps_frontier_explorer/share/gps_frontier_explorer/hook/pythonpath.dsv'
[1.421s] INFO:colcon.colcon_core.shell:Creating environment hook '/home/raj/ROS2/gps_frontier_exploration/explore_exploration/install/gps_frontier_explorer/share/gps_frontier_explorer/hook/pythonpath.sh'
[1.421s] Level 1:colcon.colcon_core.environment:checking '/home/raj/ROS2/gps_frontier_exploration/explore_exploration/install/gps_frontier_explorer/bin'
[1.421s] Level 1:colcon.colcon_core.environment:create_environment_scripts_only(gps_frontier_explorer)
[1.421s] INFO:colcon.colcon_core.shell:Creating package script '/home/raj/ROS2/gps_frontier_exploration/explore_exploration/install/gps_frontier_explorer/share/gps_frontier_explorer/package.ps1'
[1.422s] INFO:colcon.colcon_core.shell:Creating package descriptor '/home/raj/ROS2/gps_frontier_exploration/explore_exploration/install/gps_frontier_explorer/share/gps_frontier_explorer/package.dsv'
[1.422s] INFO:colcon.colcon_core.shell:Creating package script '/home/raj/ROS2/gps_frontier_exploration/explore_exploration/install/gps_frontier_explorer/share/gps_frontier_explorer/package.sh'
[1.423s] INFO:colcon.colcon_core.shell:Creating package script '/home/raj/ROS2/gps_frontier_exploration/explore_exploration/install/gps_frontier_explorer/share/gps_frontier_explorer/package.bash'
[1.424s] INFO:colcon.colcon_core.shell:Creating package script '/home/raj/ROS2/gps_frontier_exploration/explore_exploration/install/gps_frontier_explorer/share/gps_frontier_explorer/package.zsh'
[1.424s] Level 1:colcon.colcon_core.environment:create_file_with_runtime_dependencies(/home/raj/ROS2/gps_frontier_exploration/explore_exploration/install/gps_frontier_explorer/share/colcon-core/packages/gps_frontier_explorer)
[1.424s] DEBUG:colcon.colcon_parallel_executor.executor.parallel:closing loop
[1.424s] DEBUG:colcon.colcon_parallel_executor.executor.parallel:loop closed
[1.424s] DEBUG:colcon.colcon_parallel_executor.executor.parallel:run_until_complete finished with '0'
[1.425s] DEBUG:colcon.colcon_core.event_reactor:joining thread
[1.425s] DEBUG:colcon.colcon_ros_domain_id_coordinator.shell.ros_domain_id:Released ROS_DOMAIN_ID=29 for '/home/raj/ROS2/gps_frontier_exploration/explore_exploration/build/gps_frontier_explorer'
[1.428s] INFO:colcon.colcon_core.plugin_system:Skipping extension 'colcon_notification.desktop_notification.terminal_notifier': Not used on non-Darwin systems
[1.428s] INFO:colcon.colcon_core.plugin_system:Skipping extension 'colcon_notification.desktop_notification.win32': Not used on non-Windows systems
[1.428s] INFO:colcon.colcon_notification.desktop_notification:Sending desktop notification using 'notify2'
[1.463s] DEBUG:colcon.colcon_core.event_reactor:joined thread
[1.463s] INFO:colcon.colcon_core.shell:Creating prefix script '/home/raj/ROS2/gps_frontier_exploration/explore_exploration/install/local_setup.ps1'
[1.464s] INFO:colcon.colcon_core.shell:Creating prefix util module '/home/raj/ROS2/gps_frontier_exploration/explore_exploration/install/_local_setup_util_ps1.py'
[1.467s] INFO:colcon.colcon_core.shell:Creating prefix chain script '/home/raj/ROS2/gps_frontier_exploration/explore_exploration/install/setup.ps1'
[1.469s] INFO:colcon.colcon_core.shell:Creating prefix script '/home/raj/ROS2/gps_frontier_exploration/explore_exploration/install/local_setup.sh'
[1.469s] INFO:colcon.colcon_core.shell:Creating prefix util module '/home/raj/ROS2/gps_frontier_exploration/explore_exploration/install/_local_setup_util_sh.py'
[1.470s] INFO:colcon.colcon_core.shell:Creating prefix chain script '/home/raj/ROS2/gps_frontier_exploration/explore_exploration/install/setup.sh'
[1.471s] INFO:colcon.colcon_core.shell:Creating prefix script '/home/raj/ROS2/gps_frontier_exploration/explore_exploration/install/local_setup.bash'
[1.472s] INFO:colcon.colcon_core.shell:Creating prefix chain script '/home/raj/ROS2/gps_frontier_exploration/explore_exploration/install/setup.bash'
[1.473s] INFO:colcon.colcon_core.shell:Creating prefix script '/home/raj/ROS2/gps_frontier_exploration/explore_exploration/install/local_setup.zsh'
[1.473s] INFO:colcon.colcon_core.shell:Creating prefix chain script '/home/raj/ROS2/gps_frontier_exploration/explore_exploration/install/setup.zsh'
[1.474s] INFO:colcon.colcon_core.shell:Creating '/home/raj/ROS2/gps_frontier_exploration/explore_exploration/install/spawn_shell.bash'
