[2.752s] Invoking command in '/home/raj/ROS2/gps_frontier_exploration/explore_exploration': PYTHONPATH=/home/raj/ROS2/gps_frontier_exploration/explore_exploration/build/gps_frontier_explorer/prefix_override:/usr/lib/python3/dist-packages/colcon_core/task/python/colcon_distutils_commands:/home/raj/ROS2/gps_frontier_exploration/explore_exploration/install/gps_frontier_explorer/lib/python3.10/site-packages:${PYTHONPATH} /usr/bin/python3 -W ignore:setup.py install is deprecated -W ignore:easy_install command is deprecated setup.py egg_info --egg-base build/gps_frontier_explorer build --build-base /home/raj/ROS2/gps_frontier_exploration/explore_exploration/build/gps_frontier_explorer/build install --record /home/raj/ROS2/gps_frontier_exploration/explore_exploration/build/gps_frontier_explorer/install.log --single-version-externally-managed install_data
[3.506s] running egg_info
[3.513s] writing build/gps_frontier_explorer/gps_frontier_explorer.egg-info/PKG-INFO
[3.521s] writing dependency_links to build/gps_frontier_explorer/gps_frontier_explorer.egg-info/dependency_links.txt
[3.521s] writing entry points to build/gps_frontier_explorer/gps_frontier_explorer.egg-info/entry_points.txt
[3.521s] writing requirements to build/gps_frontier_explorer/gps_frontier_explorer.egg-info/requires.txt
[3.521s] writing top-level names to build/gps_frontier_explorer/gps_frontier_explorer.egg-info/top_level.txt
[3.529s] reading manifest file 'build/gps_frontier_explorer/gps_frontier_explorer.egg-info/SOURCES.txt'
[3.532s] writing manifest file 'build/gps_frontier_explorer/gps_frontier_explorer.egg-info/SOURCES.txt'
[3.532s] running build
[3.532s] running build_py
[3.534s] running install
[3.535s] running install_lib
[3.545s] running install_data
[3.545s] running install_egg_info
[3.559s] removing '/home/raj/ROS2/gps_frontier_exploration/explore_exploration/install/gps_frontier_explorer/lib/python3.10/site-packages/gps_frontier_explorer-0.0.0-py3.10.egg-info' (and everything under it)
[3.561s] Copying build/gps_frontier_explorer/gps_frontier_explorer.egg-info to /home/raj/ROS2/gps_frontier_exploration/explore_exploration/install/gps_frontier_explorer/lib/python3.10/site-packages/gps_frontier_explorer-0.0.0-py3.10.egg-info
[3.564s] running install_scripts
[3.666s] Installing gps_frontier_node script to /home/raj/ROS2/gps_frontier_exploration/explore_exploration/install/gps_frontier_explorer/lib/gps_frontier_explorer
[3.670s] Installing test_frontier_node script to /home/raj/ROS2/gps_frontier_exploration/explore_exploration/install/gps_frontier_explorer/lib/gps_frontier_explorer
[3.670s] writing list of installed files to '/home/raj/ROS2/gps_frontier_exploration/explore_exploration/build/gps_frontier_explorer/install.log'
[3.913s] Invoked command in '/home/raj/ROS2/gps_frontier_exploration/explore_exploration' returned '0': PYTHONPATH=/home/raj/ROS2/gps_frontier_exploration/explore_exploration/build/gps_frontier_explorer/prefix_override:/usr/lib/python3/dist-packages/colcon_core/task/python/colcon_distutils_commands:/home/raj/ROS2/gps_frontier_exploration/explore_exploration/install/gps_frontier_explorer/lib/python3.10/site-packages:${PYTHONPATH} /usr/bin/python3 -W ignore:setup.py install is deprecated -W ignore:easy_install command is deprecated setup.py egg_info --egg-base build/gps_frontier_explorer build --build-base /home/raj/ROS2/gps_frontier_exploration/explore_exploration/build/gps_frontier_explorer/build install --record /home/raj/ROS2/gps_frontier_exploration/explore_exploration/build/gps_frontier_explorer/install.log --single-version-externally-managed install_data
