[0.496s] Invoking command in '/home/raj/ROS2/gps_frontier_exploration/explore_exploration': PYTHONPATH=/home/raj/ROS2/gps_frontier_exploration/explore_exploration/build/gps_frontier_explorer/prefix_override:/usr/lib/python3/dist-packages/colcon_core/task/python/colcon_distutils_commands:/home/raj/ROS2/gps_frontier_exploration/explore_exploration/install/gps_frontier_explorer/lib/python3.10/site-packages:${PYTHONPATH} /usr/bin/python3 -W ignore:setup.py install is deprecated -W ignore:easy_install command is deprecated setup.py egg_info --egg-base build/gps_frontier_explorer build --build-base /home/raj/ROS2/gps_frontier_exploration/explore_exploration/build/gps_frontier_explorer/build install --record /home/raj/ROS2/gps_frontier_exploration/explore_exploration/build/gps_frontier_explorer/install.log --single-version-externally-managed install_data
[0.669s] running egg_info
[0.670s] writing build/gps_frontier_explorer/gps_frontier_explorer.egg-info/PKG-INFO
[0.670s] writing dependency_links to build/gps_frontier_explorer/gps_frontier_explorer.egg-info/dependency_links.txt
[0.670s] writing entry points to build/gps_frontier_explorer/gps_frontier_explorer.egg-info/entry_points.txt
[0.670s] writing requirements to build/gps_frontier_explorer/gps_frontier_explorer.egg-info/requires.txt
[0.670s] writing top-level names to build/gps_frontier_explorer/gps_frontier_explorer.egg-info/top_level.txt
[0.671s] reading manifest file 'build/gps_frontier_explorer/gps_frontier_explorer.egg-info/SOURCES.txt'
[0.672s] writing manifest file 'build/gps_frontier_explorer/gps_frontier_explorer.egg-info/SOURCES.txt'
[0.672s] running build
[0.672s] running build_py
[0.672s] copying gps_frontier_explorer/test_frontier_node.py -> /home/raj/ROS2/gps_frontier_exploration/explore_exploration/build/gps_frontier_explorer/build/lib/gps_frontier_explorer
[0.672s] running install
[0.673s] running install_lib
[0.673s] copying /home/raj/ROS2/gps_frontier_exploration/explore_exploration/build/gps_frontier_explorer/build/lib/gps_frontier_explorer/test_frontier_node.py -> /home/raj/ROS2/gps_frontier_exploration/explore_exploration/install/gps_frontier_explorer/lib/python3.10/site-packages/gps_frontier_explorer
[0.674s] byte-compiling /home/raj/ROS2/gps_frontier_exploration/explore_exploration/install/gps_frontier_explorer/lib/python3.10/site-packages/gps_frontier_explorer/test_frontier_node.py to test_frontier_node.cpython-310.pyc
[0.675s] running install_data
[0.675s] running install_egg_info
[0.677s] removing '/home/raj/ROS2/gps_frontier_exploration/explore_exploration/install/gps_frontier_explorer/lib/python3.10/site-packages/gps_frontier_explorer-0.0.0-py3.10.egg-info' (and everything under it)
[0.677s] Copying build/gps_frontier_explorer/gps_frontier_explorer.egg-info to /home/raj/ROS2/gps_frontier_exploration/explore_exploration/install/gps_frontier_explorer/lib/python3.10/site-packages/gps_frontier_explorer-0.0.0-py3.10.egg-info
[0.678s] running install_scripts
[0.692s] Installing gps_frontier_node script to /home/raj/ROS2/gps_frontier_exploration/explore_exploration/install/gps_frontier_explorer/lib/gps_frontier_explorer
[0.692s] Installing test_frontier_node script to /home/raj/ROS2/gps_frontier_exploration/explore_exploration/install/gps_frontier_explorer/lib/gps_frontier_explorer
[0.692s] writing list of installed files to '/home/raj/ROS2/gps_frontier_exploration/explore_exploration/build/gps_frontier_explorer/install.log'
[0.713s] Invoked command in '/home/raj/ROS2/gps_frontier_exploration/explore_exploration' returned '0': PYTHONPATH=/home/raj/ROS2/gps_frontier_exploration/explore_exploration/build/gps_frontier_explorer/prefix_override:/usr/lib/python3/dist-packages/colcon_core/task/python/colcon_distutils_commands:/home/raj/ROS2/gps_frontier_exploration/explore_exploration/install/gps_frontier_explorer/lib/python3.10/site-packages:${PYTHONPATH} /usr/bin/python3 -W ignore:setup.py install is deprecated -W ignore:easy_install command is deprecated setup.py egg_info --egg-base build/gps_frontier_explorer build --build-base /home/raj/ROS2/gps_frontier_exploration/explore_exploration/build/gps_frontier_explorer/build install --record /home/raj/ROS2/gps_frontier_exploration/explore_exploration/build/gps_frontier_explorer/install.log --single-version-externally-managed install_data
